c:\users\пользователь\source\repos\apprelease\apprelease\debug\vc142.pdb
c:\users\пользователь\source\repos\apprelease\apprelease\debug\vc142.idb
c:\users\пользователь\source\repos\apprelease\apprelease\debug\circle.obj
c:\users\пользователь\source\repos\apprelease\apprelease\debug\apprelease.obj
c:\users\пользователь\source\repos\apprelease\debug\apprelease.pdb
c:\users\пользователь\source\repos\apprelease\apprelease\debug\apprelease.tlog\cl.command.1.tlog
c:\users\пользователь\source\repos\apprelease\apprelease\debug\apprelease.tlog\cl.read.1.tlog
c:\users\пользователь\source\repos\apprelease\apprelease\debug\apprelease.tlog\cl.write.1.tlog
c:\users\пользователь\source\repos\apprelease\apprelease\debug\apprelease.tlog\link-cvtres.read.1.tlog
c:\users\пользователь\source\repos\apprelease\apprelease\debug\apprelease.tlog\link-cvtres.write.1.tlog
c:\users\пользователь\source\repos\apprelease\apprelease\debug\apprelease.tlog\link-rc.read.1.tlog
c:\users\пользователь\source\repos\apprelease\apprelease\debug\apprelease.tlog\link-rc.write.1.tlog
c:\users\пользователь\source\repos\apprelease\apprelease\debug\apprelease.tlog\link.1896-cvtres.read.1.tlog
c:\users\пользователь\source\repos\apprelease\apprelease\debug\apprelease.tlog\link.1896-cvtres.write.1.tlog
c:\users\пользователь\source\repos\apprelease\apprelease\debug\apprelease.tlog\link.1896-rc.read.1.tlog
c:\users\пользователь\source\repos\apprelease\apprelease\debug\apprelease.tlog\link.1896-rc.write.1.tlog
c:\users\пользователь\source\repos\apprelease\apprelease\debug\apprelease.tlog\link.1896.read.1.tlog
c:\users\пользователь\source\repos\apprelease\apprelease\debug\apprelease.tlog\link.1896.write.1.tlog
c:\users\пользователь\source\repos\apprelease\apprelease\debug\apprelease.tlog\link.command.1.tlog
c:\users\пользователь\source\repos\apprelease\apprelease\debug\apprelease.tlog\link.read.1.tlog
c:\users\пользователь\source\repos\apprelease\apprelease\debug\apprelease.tlog\link.write.1.tlog
